0 verbose cli C:\Program Files\nodejs\node.exe C:\Program Files\nodejs\node_modules\npm\bin\npm-cli.js
1 info using npm@10.2.3
2 info using node@v20.10.0
3 timing npm:load:whichnode Completed in 2ms
4 timing config:load:defaults Completed in 2ms
5 timing config:load:file:C:\Program Files\nodejs\node_modules\npm\npmrc Completed in 5ms
6 timing config:load:builtin Completed in 5ms
7 timing config:load:cli Completed in 2ms
8 timing config:load:env Completed in 0ms
9 timing config:load:project Completed in 6ms
10 timing config:load:file:C:\Users\92102\.npmrc Completed in 1ms
11 timing config:load:user Completed in 2ms
12 timing config:load:file:C:\Users\92102\OneDrive - NTHU\桌面\大三下\OS\HW\HW5\111030076_ppc5\PART2\Dino_Game\C：\Program Files\nodejs\node_globe\etc\npmrc Completed in 0ms
13 timing config:load:global Completed in 0ms
14 timing config:load:setEnvs Completed in 2ms
15 timing config:load Completed in 20ms
16 timing npm:load:configload Completed in 20ms
17 timing config:load:flatten Completed in 1ms
18 timing npm:load:mkdirpcache Completed in 1ms
19 timing npm:load:mkdirplogs Completed in 0ms
20 verbose title npm prefix
21 verbose argv "prefix" "--global"
22 timing npm:load:setTitle Completed in 1ms
23 timing npm:load:display Completed in 0ms
24 verbose logfile logs-max:10 dir:C:\Users\92102\OneDrive - NTHU\桌面\大三下\OS\HW\HW5\111030076_ppc5\PART2\Dino_Game\C：\Program Files\nodejs\node_cache\_logs\2025-09-07T10_53_45_837Z-
25 verbose logfile C:\Users\92102\OneDrive - NTHU\桌面\大三下\OS\HW\HW5\111030076_ppc5\PART2\Dino_Game\C：\Program Files\nodejs\node_cache\_logs\2025-09-07T10_53_45_837Z-debug-0.log
26 timing npm:load:logFile Completed in 8ms
27 timing npm:load:timers Completed in 1ms
28 timing npm:load:configScope Completed in 0ms
29 timing npm:load Completed in 81ms
30 timing command:prefix Completed in 2ms
31 verbose exit 0
32 timing npm Completed in 147ms
33 info ok
