                                      1 ;--------------------------------------------------------
                                      2 ; File Created by SDCC : free open source ISO C Compiler 
                                      3 ; Version 4.4.0 #14620 (MINGW64)
                                      4 ;--------------------------------------------------------
                                      5 	.module buttonlib
                                      6 	.optsdcc -mmcs51 --model-small
                                      7 	
                                      8 ;--------------------------------------------------------
                                      9 ; Public variables in this module
                                     10 ;--------------------------------------------------------
                                     11 	.globl _CY
                                     12 	.globl _AC
                                     13 	.globl _F0
                                     14 	.globl _RS1
                                     15 	.globl _RS0
                                     16 	.globl _OV
                                     17 	.globl _F1
                                     18 	.globl _P
                                     19 	.globl _PS
                                     20 	.globl _PT1
                                     21 	.globl _PX1
                                     22 	.globl _PT0
                                     23 	.globl _PX0
                                     24 	.globl _RD
                                     25 	.globl _WR
                                     26 	.globl _T1
                                     27 	.globl _T0
                                     28 	.globl _INT1
                                     29 	.globl _INT0
                                     30 	.globl _TXD
                                     31 	.globl _RXD
                                     32 	.globl _P3_7
                                     33 	.globl _P3_6
                                     34 	.globl _P3_5
                                     35 	.globl _P3_4
                                     36 	.globl _P3_3
                                     37 	.globl _P3_2
                                     38 	.globl _P3_1
                                     39 	.globl _P3_0
                                     40 	.globl _EA
                                     41 	.globl _ES
                                     42 	.globl _ET1
                                     43 	.globl _EX1
                                     44 	.globl _ET0
                                     45 	.globl _EX0
                                     46 	.globl _P2_7
                                     47 	.globl _P2_6
                                     48 	.globl _P2_5
                                     49 	.globl _P2_4
                                     50 	.globl _P2_3
                                     51 	.globl _P2_2
                                     52 	.globl _P2_1
                                     53 	.globl _P2_0
                                     54 	.globl _SM0
                                     55 	.globl _SM1
                                     56 	.globl _SM2
                                     57 	.globl _REN
                                     58 	.globl _TB8
                                     59 	.globl _RB8
                                     60 	.globl _TI
                                     61 	.globl _RI
                                     62 	.globl _P1_7
                                     63 	.globl _P1_6
                                     64 	.globl _P1_5
                                     65 	.globl _P1_4
                                     66 	.globl _P1_3
                                     67 	.globl _P1_2
                                     68 	.globl _P1_1
                                     69 	.globl _P1_0
                                     70 	.globl _TF1
                                     71 	.globl _TR1
                                     72 	.globl _TF0
                                     73 	.globl _TR0
                                     74 	.globl _IE1
                                     75 	.globl _IT1
                                     76 	.globl _IE0
                                     77 	.globl _IT0
                                     78 	.globl _P0_7
                                     79 	.globl _P0_6
                                     80 	.globl _P0_5
                                     81 	.globl _P0_4
                                     82 	.globl _P0_3
                                     83 	.globl _P0_2
                                     84 	.globl _P0_1
                                     85 	.globl _P0_0
                                     86 	.globl _B
                                     87 	.globl _ACC
                                     88 	.globl _PSW
                                     89 	.globl _IP
                                     90 	.globl _P3
                                     91 	.globl _IE
                                     92 	.globl _P2
                                     93 	.globl _SBUF
                                     94 	.globl _SCON
                                     95 	.globl _P1
                                     96 	.globl _TH1
                                     97 	.globl _TH0
                                     98 	.globl _TL1
                                     99 	.globl _TL0
                                    100 	.globl _TMOD
                                    101 	.globl _TCON
                                    102 	.globl _PCON
                                    103 	.globl _DPH
                                    104 	.globl _DPL
                                    105 	.globl _SP
                                    106 	.globl _P0
                                    107 	.globl _AnyButtonPressed
                                    108 	.globl _ButtonToChar
                                    109 ;--------------------------------------------------------
                                    110 ; special function registers
                                    111 ;--------------------------------------------------------
                                    112 	.area RSEG    (ABS,DATA)
      000000                        113 	.org 0x0000
                           000080   114 _P0	=	0x0080
                           000081   115 _SP	=	0x0081
                           000082   116 _DPL	=	0x0082
                           000083   117 _DPH	=	0x0083
                           000087   118 _PCON	=	0x0087
                           000088   119 _TCON	=	0x0088
                           000089   120 _TMOD	=	0x0089
                           00008A   121 _TL0	=	0x008a
                           00008B   122 _TL1	=	0x008b
                           00008C   123 _TH0	=	0x008c
                           00008D   124 _TH1	=	0x008d
                           000090   125 _P1	=	0x0090
                           000098   126 _SCON	=	0x0098
                           000099   127 _SBUF	=	0x0099
                           0000A0   128 _P2	=	0x00a0
                           0000A8   129 _IE	=	0x00a8
                           0000B0   130 _P3	=	0x00b0
                           0000B8   131 _IP	=	0x00b8
                           0000D0   132 _PSW	=	0x00d0
                           0000E0   133 _ACC	=	0x00e0
                           0000F0   134 _B	=	0x00f0
                                    135 ;--------------------------------------------------------
                                    136 ; special function bits
                                    137 ;--------------------------------------------------------
                                    138 	.area RSEG    (ABS,DATA)
      000000                        139 	.org 0x0000
                           000080   140 _P0_0	=	0x0080
                           000081   141 _P0_1	=	0x0081
                           000082   142 _P0_2	=	0x0082
                           000083   143 _P0_3	=	0x0083
                           000084   144 _P0_4	=	0x0084
                           000085   145 _P0_5	=	0x0085
                           000086   146 _P0_6	=	0x0086
                           000087   147 _P0_7	=	0x0087
                           000088   148 _IT0	=	0x0088
                           000089   149 _IE0	=	0x0089
                           00008A   150 _IT1	=	0x008a
                           00008B   151 _IE1	=	0x008b
                           00008C   152 _TR0	=	0x008c
                           00008D   153 _TF0	=	0x008d
                           00008E   154 _TR1	=	0x008e
                           00008F   155 _TF1	=	0x008f
                           000090   156 _P1_0	=	0x0090
                           000091   157 _P1_1	=	0x0091
                           000092   158 _P1_2	=	0x0092
                           000093   159 _P1_3	=	0x0093
                           000094   160 _P1_4	=	0x0094
                           000095   161 _P1_5	=	0x0095
                           000096   162 _P1_6	=	0x0096
                           000097   163 _P1_7	=	0x0097
                           000098   164 _RI	=	0x0098
                           000099   165 _TI	=	0x0099
                           00009A   166 _RB8	=	0x009a
                           00009B   167 _TB8	=	0x009b
                           00009C   168 _REN	=	0x009c
                           00009D   169 _SM2	=	0x009d
                           00009E   170 _SM1	=	0x009e
                           00009F   171 _SM0	=	0x009f
                           0000A0   172 _P2_0	=	0x00a0
                           0000A1   173 _P2_1	=	0x00a1
                           0000A2   174 _P2_2	=	0x00a2
                           0000A3   175 _P2_3	=	0x00a3
                           0000A4   176 _P2_4	=	0x00a4
                           0000A5   177 _P2_5	=	0x00a5
                           0000A6   178 _P2_6	=	0x00a6
                           0000A7   179 _P2_7	=	0x00a7
                           0000A8   180 _EX0	=	0x00a8
                           0000A9   181 _ET0	=	0x00a9
                           0000AA   182 _EX1	=	0x00aa
                           0000AB   183 _ET1	=	0x00ab
                           0000AC   184 _ES	=	0x00ac
                           0000AF   185 _EA	=	0x00af
                           0000B0   186 _P3_0	=	0x00b0
                           0000B1   187 _P3_1	=	0x00b1
                           0000B2   188 _P3_2	=	0x00b2
                           0000B3   189 _P3_3	=	0x00b3
                           0000B4   190 _P3_4	=	0x00b4
                           0000B5   191 _P3_5	=	0x00b5
                           0000B6   192 _P3_6	=	0x00b6
                           0000B7   193 _P3_7	=	0x00b7
                           0000B0   194 _RXD	=	0x00b0
                           0000B1   195 _TXD	=	0x00b1
                           0000B2   196 _INT0	=	0x00b2
                           0000B3   197 _INT1	=	0x00b3
                           0000B4   198 _T0	=	0x00b4
                           0000B5   199 _T1	=	0x00b5
                           0000B6   200 _WR	=	0x00b6
                           0000B7   201 _RD	=	0x00b7
                           0000B8   202 _PX0	=	0x00b8
                           0000B9   203 _PT0	=	0x00b9
                           0000BA   204 _PX1	=	0x00ba
                           0000BB   205 _PT1	=	0x00bb
                           0000BC   206 _PS	=	0x00bc
                           0000D0   207 _P	=	0x00d0
                           0000D1   208 _F1	=	0x00d1
                           0000D2   209 _OV	=	0x00d2
                           0000D3   210 _RS0	=	0x00d3
                           0000D4   211 _RS1	=	0x00d4
                           0000D5   212 _F0	=	0x00d5
                           0000D6   213 _AC	=	0x00d6
                           0000D7   214 _CY	=	0x00d7
                                    215 ;--------------------------------------------------------
                                    216 ; overlayable register banks
                                    217 ;--------------------------------------------------------
                                    218 	.area REG_BANK_0	(REL,OVR,DATA)
      000000                        219 	.ds 8
                                    220 ;--------------------------------------------------------
                                    221 ; internal ram data
                                    222 ;--------------------------------------------------------
                                    223 	.area DSEG    (DATA)
                                    224 ;--------------------------------------------------------
                                    225 ; overlayable items in internal ram
                                    226 ;--------------------------------------------------------
                                    227 ;--------------------------------------------------------
                                    228 ; indirectly addressable internal ram data
                                    229 ;--------------------------------------------------------
                                    230 	.area ISEG    (DATA)
                                    231 ;--------------------------------------------------------
                                    232 ; absolute internal ram data
                                    233 ;--------------------------------------------------------
                                    234 	.area IABS    (ABS,DATA)
                                    235 	.area IABS    (ABS,DATA)
                                    236 ;--------------------------------------------------------
                                    237 ; bit data
                                    238 ;--------------------------------------------------------
                                    239 	.area BSEG    (BIT)
      000000                        240 _AnyButtonPressed_sloc0_1_0:
      000000                        241 	.ds 1
                                    242 ;--------------------------------------------------------
                                    243 ; paged external ram data
                                    244 ;--------------------------------------------------------
                                    245 	.area PSEG    (PAG,XDATA)
                                    246 ;--------------------------------------------------------
                                    247 ; uninitialized external ram data
                                    248 ;--------------------------------------------------------
                                    249 	.area XSEG    (XDATA)
                                    250 ;--------------------------------------------------------
                                    251 ; absolute external ram data
                                    252 ;--------------------------------------------------------
                                    253 	.area XABS    (ABS,XDATA)
                                    254 ;--------------------------------------------------------
                                    255 ; initialized external ram data
                                    256 ;--------------------------------------------------------
                                    257 	.area XISEG   (XDATA)
                                    258 	.area HOME    (CODE)
                                    259 	.area GSINIT0 (CODE)
                                    260 	.area GSINIT1 (CODE)
                                    261 	.area GSINIT2 (CODE)
                                    262 	.area GSINIT3 (CODE)
                                    263 	.area GSINIT4 (CODE)
                                    264 	.area GSINIT5 (CODE)
                                    265 	.area GSINIT  (CODE)
                                    266 	.area GSFINAL (CODE)
                                    267 	.area CSEG    (CODE)
                                    268 ;--------------------------------------------------------
                                    269 ; global & static initialisations
                                    270 ;--------------------------------------------------------
                                    271 	.area HOME    (CODE)
                                    272 	.area GSINIT  (CODE)
                                    273 	.area GSFINAL (CODE)
                                    274 	.area GSINIT  (CODE)
                                    275 ;--------------------------------------------------------
                                    276 ; Home
                                    277 ;--------------------------------------------------------
                                    278 	.area HOME    (CODE)
                                    279 	.area HOME    (CODE)
                                    280 ;--------------------------------------------------------
                                    281 ; code
                                    282 ;--------------------------------------------------------
                                    283 	.area CSEG    (CODE)
                                    284 ;------------------------------------------------------------
                                    285 ;Allocation info for local variables in function 'AnyButtonPressed'
                                    286 ;------------------------------------------------------------
                                    287 ;	buttonlib.c:10: char AnyButtonPressed(void) {
                                    288 ;	-----------------------------------------
                                    289 ;	 function AnyButtonPressed
                                    290 ;	-----------------------------------------
      000000                        291 _AnyButtonPressed:
                           000007   292 	ar7 = 0x07
                           000006   293 	ar6 = 0x06
                           000005   294 	ar5 = 0x05
                           000004   295 	ar4 = 0x04
                           000003   296 	ar3 = 0x03
                           000002   297 	ar2 = 0x02
                           000001   298 	ar1 = 0x01
                           000000   299 	ar0 = 0x00
                                    300 ;	buttonlib.c:12: return (P2 != 0xFF);
      000000 74 FF            [12]  301 	mov	a,#0xff
      000002 B5 A0 03         [24]  302 	cjne	a,_P2,00103$
      000005 D3               [12]  303 	setb	c
      000006 80 01            [24]  304 	sjmp	00104$
      000008                        305 00103$:
      000008 C3               [12]  306 	clr	c
      000009                        307 00104$:
      000009 B3               [12]  308 	cpl	c
      00000A 92*00            [24]  309 	mov	_AnyButtonPressed_sloc0_1_0,c
      00000C E4               [12]  310 	clr	a
      00000D 33               [12]  311 	rlc	a
      00000E F5 82            [12]  312 	mov	dpl,a
                                    313 ;	buttonlib.c:14: }
      000010 22               [24]  314 	ret
                                    315 ;------------------------------------------------------------
                                    316 ;Allocation info for local variables in function 'ButtonToChar'
                                    317 ;------------------------------------------------------------
                                    318 ;	buttonlib.c:19: char ButtonToChar(void) {
                                    319 ;	-----------------------------------------
                                    320 ;	 function ButtonToChar
                                    321 ;	-----------------------------------------
      000011                        322 _ButtonToChar:
                                    323 ;	buttonlib.c:22: if ((~P2) & 0x80) {
      000011 AE A0            [24]  324 	mov	r6,_P2
      000013 7F 00            [12]  325 	mov	r7,#0x00
      000015 EE               [12]  326 	mov	a,r6
      000016 F4               [12]  327 	cpl	a
      000017 FE               [12]  328 	mov	r6,a
      000018 EF               [12]  329 	mov	a,r7
      000019 F4               [12]  330 	cpl	a
      00001A EE               [12]  331 	mov	a,r6
      00001B 30 E7 04         [24]  332 	jnb	acc.7,00123$
                                    333 ;	buttonlib.c:23: return '7';//p2.7被按下
      00001E 75 82 37         [24]  334 	mov	dpl, #0x37
      000021 22               [24]  335 	ret
      000022                        336 00123$:
                                    337 ;	buttonlib.c:24: } else if ((~P2) & 0x40) return '6';//P2.6被按下
      000022 AE A0            [24]  338 	mov	r6,_P2
      000024 7F 00            [12]  339 	mov	r7,#0x00
      000026 EE               [12]  340 	mov	a,r6
      000027 F4               [12]  341 	cpl	a
      000028 FE               [12]  342 	mov	r6,a
      000029 EF               [12]  343 	mov	a,r7
      00002A F4               [12]  344 	cpl	a
      00002B EE               [12]  345 	mov	a,r6
      00002C 30 E6 04         [24]  346 	jnb	acc.6,00120$
      00002F 75 82 36         [24]  347 	mov	dpl, #0x36
      000032 22               [24]  348 	ret
      000033                        349 00120$:
                                    350 ;	buttonlib.c:25: else if ((~P2) & 0x20) return '5';//P2.5被按下
      000033 AE A0            [24]  351 	mov	r6,_P2
      000035 7F 00            [12]  352 	mov	r7,#0x00
      000037 EE               [12]  353 	mov	a,r6
      000038 F4               [12]  354 	cpl	a
      000039 FE               [12]  355 	mov	r6,a
      00003A EF               [12]  356 	mov	a,r7
      00003B F4               [12]  357 	cpl	a
      00003C EE               [12]  358 	mov	a,r6
      00003D 30 E5 04         [24]  359 	jnb	acc.5,00117$
      000040 75 82 35         [24]  360 	mov	dpl, #0x35
      000043 22               [24]  361 	ret
      000044                        362 00117$:
                                    363 ;	buttonlib.c:26: else if ((~P2) & 0x10) return '4';//P2.4被按下
      000044 AE A0            [24]  364 	mov	r6,_P2
      000046 7F 00            [12]  365 	mov	r7,#0x00
      000048 EE               [12]  366 	mov	a,r6
      000049 F4               [12]  367 	cpl	a
      00004A FE               [12]  368 	mov	r6,a
      00004B EF               [12]  369 	mov	a,r7
      00004C F4               [12]  370 	cpl	a
      00004D EE               [12]  371 	mov	a,r6
      00004E 30 E4 04         [24]  372 	jnb	acc.4,00114$
      000051 75 82 34         [24]  373 	mov	dpl, #0x34
      000054 22               [24]  374 	ret
      000055                        375 00114$:
                                    376 ;	buttonlib.c:27: else if ((~P2) & 0x08) return '3';//P2.3被按下
      000055 AE A0            [24]  377 	mov	r6,_P2
      000057 7F 00            [12]  378 	mov	r7,#0x00
      000059 EE               [12]  379 	mov	a,r6
      00005A F4               [12]  380 	cpl	a
      00005B FE               [12]  381 	mov	r6,a
      00005C EF               [12]  382 	mov	a,r7
      00005D F4               [12]  383 	cpl	a
      00005E EE               [12]  384 	mov	a,r6
      00005F 30 E3 04         [24]  385 	jnb	acc.3,00111$
      000062 75 82 33         [24]  386 	mov	dpl, #0x33
      000065 22               [24]  387 	ret
      000066                        388 00111$:
                                    389 ;	buttonlib.c:28: else if ((~P2) & 0x04) return '2';//P2.2被按下
      000066 AE A0            [24]  390 	mov	r6,_P2
      000068 7F 00            [12]  391 	mov	r7,#0x00
      00006A EE               [12]  392 	mov	a,r6
      00006B F4               [12]  393 	cpl	a
      00006C FE               [12]  394 	mov	r6,a
      00006D EF               [12]  395 	mov	a,r7
      00006E F4               [12]  396 	cpl	a
      00006F EE               [12]  397 	mov	a,r6
      000070 30 E2 04         [24]  398 	jnb	acc.2,00108$
      000073 75 82 32         [24]  399 	mov	dpl, #0x32
      000076 22               [24]  400 	ret
      000077                        401 00108$:
                                    402 ;	buttonlib.c:29: else if ((~P2) & 0x02) return '1';//P2.1被按下
      000077 AE A0            [24]  403 	mov	r6,_P2
      000079 7F 00            [12]  404 	mov	r7,#0x00
      00007B EE               [12]  405 	mov	a,r6
      00007C F4               [12]  406 	cpl	a
      00007D FE               [12]  407 	mov	r6,a
      00007E EF               [12]  408 	mov	a,r7
      00007F F4               [12]  409 	cpl	a
      000080 EE               [12]  410 	mov	a,r6
      000081 30 E1 04         [24]  411 	jnb	acc.1,00105$
      000084 75 82 31         [24]  412 	mov	dpl, #0x31
      000087 22               [24]  413 	ret
      000088                        414 00105$:
                                    415 ;	buttonlib.c:30: else if ((~P2) & 0x01) return '0';//P2.0被按下
      000088 AE A0            [24]  416 	mov	r6,_P2
      00008A 7F 00            [12]  417 	mov	r7,#0x00
      00008C EE               [12]  418 	mov	a,r6
      00008D F4               [12]  419 	cpl	a
      00008E FE               [12]  420 	mov	r6,a
      00008F EF               [12]  421 	mov	a,r7
      000090 F4               [12]  422 	cpl	a
      000091 EE               [12]  423 	mov	a,r6
      000092 30 E0 04         [24]  424 	jnb	acc.0,00102$
      000095 75 82 30         [24]  425 	mov	dpl, #0x30
      000098 22               [24]  426 	ret
      000099                        427 00102$:
                                    428 ;	buttonlib.c:31: else return '\0';  // Press more than one button, return null
      000099 75 82 00         [24]  429 	mov	dpl, #0x00
                                    430 ;	buttonlib.c:32: }
      00009C 22               [24]  431 	ret
                                    432 	.area CSEG    (CODE)
                                    433 	.area CONST   (CODE)
                                    434 	.area XINIT   (CODE)
                                    435 	.area CABS    (ABS,CODE)
